<?xml version="1.0" encoding="UTF-8"?>
<beans xmlns="http://www.springframework.org/schema/beans" xmlns:xsi="http://www.w3.org/2001/XMLSchema-instance"
	xmlns:context="http://www.springframework.org/schema/context" xmlns:jdbc="http://www.springframework.org/schema/jdbc"
	xsi:schemaLocation="http://www.springframework.org/schema/beans 
		http://www.springframework.org/schema/beans/spring-beans.xsd
       	http://www.springframework.org/schema/context
        http://www.springframework.org/schema/context/spring-context.xsd
		http://www.springframework.org/schema/jdbc
        http://www.springframework.org/schema/jdbc/spring-jdbc.xsd">

	<context:component-scan base-package="org.appng.appngizer" />

	<jdbc:embedded-database id="datasource" type="HSQL" database-name="${database.name}" />

	<bean id="configurer" class="org.appng.appngizer.controller.AppNGizerConfigurer" primary="true">
		<property name="location" value="classpath:/test-context.properties" />
	</bean>

	<bean id="flyway" class="org.flywaydb.core.Flyway" init-method="migrate">
		<constructor-arg>
			<bean class="org.flywaydb.core.api.configuration.ClassicConfiguration">
				<property name="table" value="schema_version" />
				<property name="locations" value="classpath:/db/migration/hsql" />
				<property name="dataSource" ref="datasource" />
			</bean>
		</constructor-arg>
	</bean>

</beans>
